0 info it worked if it ends with ok
1 verbose cli [ '/usr/local/bin/node',
1 verbose cli   '/usr/local/bin/npm',
1 verbose cli   'install',
1 verbose cli   '-g',
1 verbose cli   'jshint' ]
2 info using npm@1.3.22
3 info using node@v0.11.10
4 verbose cache add [ 'jshint', null ]
5 verbose cache add name=undefined spec="jshint" args=["jshint",null]
6 verbose parsed url { protocol: null,
6 verbose parsed url   slashes: null,
6 verbose parsed url   auth: null,
6 verbose parsed url   host: null,
6 verbose parsed url   port: null,
6 verbose parsed url   hostname: null,
6 verbose parsed url   hash: null,
6 verbose parsed url   search: null,
6 verbose parsed url   query: null,
6 verbose parsed url   pathname: 'jshint',
6 verbose parsed url   path: 'jshint',
6 verbose parsed url   href: 'jshint' }
7 silly lockFile da5c03cb-jshint jshint
8 verbose lock jshint /Users/James/.npm/da5c03cb-jshint.lock
9 silly lockFile da5c03cb-jshint jshint
10 silly lockFile da5c03cb-jshint jshint
11 verbose addNamed [ 'jshint', '' ]
12 verbose addNamed [ null, '*' ]
13 silly lockFile a02a2468-jshint jshint@
14 verbose lock jshint@ /Users/James/.npm/a02a2468-jshint.lock
15 silly addNameRange { name: 'jshint', range: '*', hasData: false }
16 verbose url raw jshint
17 verbose url resolving [ 'https://registry.npmjs.org/', './jshint' ]
18 verbose url resolved https://registry.npmjs.org/jshint
19 info trying registry request attempt 1 at 22:01:53
20 http GET https://registry.npmjs.org/jshint
21 http 200 https://registry.npmjs.org/jshint
22 silly registry.get cb [ 200,
22 silly registry.get   { date: 'Wed, 28 Jan 2015 04:01:53 GMT',
22 silly registry.get     server: 'CouchDB/1.5.0 (Erlang OTP/R16B03)',
22 silly registry.get     etag: '"DGSSVXOW3PLD5WBEGT7LWDXEH"',
22 silly registry.get     'content-type': 'application/json',
22 silly registry.get     'cache-control': 'max-age=60',
22 silly registry.get     'content-length': '90838',
22 silly registry.get     'accept-ranges': 'bytes',
22 silly registry.get     via: '1.1 varnish',
22 silly registry.get     age: '0',
22 silly registry.get     'x-served-by': 'cache-dfw1823-DFW',
22 silly registry.get     'x-cache': 'HIT',
22 silly registry.get     'x-cache-hits': '1',
22 silly registry.get     'x-timer': 'S1422417713.725530,VS0,VE262',
22 silly registry.get     vary: 'Accept',
22 silly registry.get     connection: 'close' } ]
23 silly addNameRange number 2 { name: 'jshint', range: '*', hasData: true }
24 silly addNameRange versions [ 'jshint',
24 silly addNameRange   [ '0.1.8',
24 silly addNameRange     '0.1.9',
24 silly addNameRange     '0.2.0',
24 silly addNameRange     '0.2.1',
24 silly addNameRange     '0.2.2',
24 silly addNameRange     '0.2.3',
24 silly addNameRange     '0.3.0',
24 silly addNameRange     '0.3.1',
24 silly addNameRange     '0.4.0',
24 silly addNameRange     '0.5.0',
24 silly addNameRange     '0.5.1',
24 silly addNameRange     '0.5.2',
24 silly addNameRange     '0.5.3',
24 silly addNameRange     '0.5.4',
24 silly addNameRange     '0.5.5',
24 silly addNameRange     '0.5.6',
24 silly addNameRange     '0.5.7',
24 silly addNameRange     '0.5.8',
24 silly addNameRange     '0.5.9',
24 silly addNameRange     '0.6.0',
24 silly addNameRange     '0.6.1',
24 silly addNameRange     '0.6.2',
24 silly addNameRange     '0.6.3',
24 silly addNameRange     '0.7.0',
24 silly addNameRange     '0.7.1',
24 silly addNameRange     '0.7.2',
24 silly addNameRange     '0.7.3',
24 silly addNameRange     '0.8.0',
24 silly addNameRange     '0.8.1',
24 silly addNameRange     '0.8.2',
24 silly addNameRange     '0.9.0',
24 silly addNameRange     '0.9.1',
24 silly addNameRange     '1.0.0',
24 silly addNameRange     '1.1.0',
24 silly addNameRange     '2.0.0',
24 silly addNameRange     '2.0.1',
24 silly addNameRange     '2.1.0',
24 silly addNameRange     '2.1.1',
24 silly addNameRange     '2.1.2',
24 silly addNameRange     '2.1.3',
24 silly addNameRange     '2.1.4',
24 silly addNameRange     '2.1.5',
24 silly addNameRange     '2.1.6',
24 silly addNameRange     '2.1.7',
24 silly addNameRange     '2.1.8',
24 silly addNameRange     '2.1.9',
24 silly addNameRange     '2.1.10',
24 silly addNameRange     '2.1.11',
24 silly addNameRange     '2.2.0',
24 silly addNameRange     '2.3.0',
24 silly addNameRange     '2.4.0',
24 silly addNameRange     '2.4.1',
24 silly addNameRange     '2.4.2',
24 silly addNameRange     '2.4.3',
24 silly addNameRange     '2.4.4',
24 silly addNameRange     '2.5.0',
24 silly addNameRange     '2.5.1',
24 silly addNameRange     '2.5.2',
24 silly addNameRange     '2.5.3',
24 silly addNameRange     '2.5.4',
24 silly addNameRange     '2.5.5',
24 silly addNameRange     '2.5.6',
24 silly addNameRange     '2.5.7',
24 silly addNameRange     '2.5.8',
24 silly addNameRange     '2.5.9',
24 silly addNameRange     '2.5.10',
24 silly addNameRange     '2.5.11',
24 silly addNameRange     '2.6.0' ] ]
25 verbose addNamed [ 'jshint', '2.6.0' ]
26 verbose addNamed [ '2.6.0', '2.6.0' ]
27 silly lockFile 27126dd9-jshint-2-6-0 jshint@2.6.0
28 verbose lock jshint@2.6.0 /Users/James/.npm/27126dd9-jshint-2-6-0.lock
29 silly lockFile b1e51722-pmjs-org-jshint-jshint-2-6-0-tgz https://registry.npmjs.org/jshint/-/jshint-2.6.0.tgz
30 verbose lock https://registry.npmjs.org/jshint/-/jshint-2.6.0.tgz /Users/James/.npm/b1e51722-pmjs-org-jshint-jshint-2-6-0-tgz.lock
31 verbose addRemoteTarball [ 'https://registry.npmjs.org/jshint/-/jshint-2.6.0.tgz',
31 verbose addRemoteTarball   '04e59d04da83aa32301d89115628274871597f33' ]
32 info retry fetch attempt 1 at 22:01:54
33 verbose fetch to= /var/folders/pf/lt7925sx3gg0jhm5jvc96q0h0000gn/T/npm-32953-BZcfBHZv/1422417714207-0.6533278280403465/tmp.tgz
34 http GET https://registry.npmjs.org/jshint/-/jshint-2.6.0.tgz
35 http 200 https://registry.npmjs.org/jshint/-/jshint-2.6.0.tgz
36 verbose tar unpack /var/folders/pf/lt7925sx3gg0jhm5jvc96q0h0000gn/T/npm-32953-BZcfBHZv/1422417714207-0.6533278280403465/tmp.tgz
37 silly lockFile e440815b-14207-0-6533278280403465-package tar:///var/folders/pf/lt7925sx3gg0jhm5jvc96q0h0000gn/T/npm-32953-BZcfBHZv/1422417714207-0.6533278280403465/package
38 verbose lock tar:///var/folders/pf/lt7925sx3gg0jhm5jvc96q0h0000gn/T/npm-32953-BZcfBHZv/1422417714207-0.6533278280403465/package /Users/James/.npm/e440815b-14207-0-6533278280403465-package.lock
39 silly lockFile 9a27762a-14207-0-6533278280403465-tmp-tgz tar:///var/folders/pf/lt7925sx3gg0jhm5jvc96q0h0000gn/T/npm-32953-BZcfBHZv/1422417714207-0.6533278280403465/tmp.tgz
40 verbose lock tar:///var/folders/pf/lt7925sx3gg0jhm5jvc96q0h0000gn/T/npm-32953-BZcfBHZv/1422417714207-0.6533278280403465/tmp.tgz /Users/James/.npm/9a27762a-14207-0-6533278280403465-tmp-tgz.lock
41 silly gunzTarPerm modes [ '755', '644' ]
42 silly gunzTarPerm extractEntry package.json
43 silly gunzTarPerm extractEntry README.md
44 silly gunzTarPerm extractEntry LICENSE
45 silly gunzTarPerm extractEntry bin/apply
46 silly gunzTarPerm extractEntry bin/build
47 silly gunzTarPerm extractEntry bin/changelog
48 silly gunzTarPerm extractEntry bin/jshint
49 silly gunzTarPerm extractEntry bin/land
50 silly gunzTarPerm extractEntry data/ascii-identifier-data.js
51 silly gunzTarPerm extractEntry data/non-ascii-identifier-part-only.js
52 silly gunzTarPerm extractEntry data/non-ascii-identifier-start.js
53 silly gunzTarPerm extractEntry dist/jshint-rhino.js
54 silly gunzTarPerm extractEntry dist/jshint.js
55 silly gunzTarPerm extractEntry src/cli.js
56 silly gunzTarPerm extractEntry src/lex.js
57 silly gunzTarPerm extractEntry src/messages.js
58 silly gunzTarPerm extractEntry src/name-stack.js
59 silly gunzTarPerm extractEntry src/options.js
60 silly gunzTarPerm extractEntry src/jshint.js
61 silly gunzTarPerm extractEntry src/reg.js
62 silly gunzTarPerm extractEntry src/style.js
63 silly gunzTarPerm extractEntry src/state.js
64 silly gunzTarPerm extractEntry src/vars.js
65 silly gunzTarPerm extractEntry src/reporters/checkstyle.js
66 silly gunzTarPerm extractEntry src/reporters/default.js
67 silly gunzTarPerm extractEntry src/reporters/jslint_xml.js
68 silly gunzTarPerm extractEntry src/reporters/non_error.js
69 silly gunzTarPerm extractEntry src/reporters/unix.js
70 silly gunzTarPerm extractEntry src/platforms/rhino.js
71 silly lockFile e440815b-14207-0-6533278280403465-package tar:///var/folders/pf/lt7925sx3gg0jhm5jvc96q0h0000gn/T/npm-32953-BZcfBHZv/1422417714207-0.6533278280403465/package
72 silly lockFile e440815b-14207-0-6533278280403465-package tar:///var/folders/pf/lt7925sx3gg0jhm5jvc96q0h0000gn/T/npm-32953-BZcfBHZv/1422417714207-0.6533278280403465/package
73 silly lockFile 9a27762a-14207-0-6533278280403465-tmp-tgz tar:///var/folders/pf/lt7925sx3gg0jhm5jvc96q0h0000gn/T/npm-32953-BZcfBHZv/1422417714207-0.6533278280403465/tmp.tgz
74 silly lockFile 9a27762a-14207-0-6533278280403465-tmp-tgz tar:///var/folders/pf/lt7925sx3gg0jhm5jvc96q0h0000gn/T/npm-32953-BZcfBHZv/1422417714207-0.6533278280403465/tmp.tgz
75 verbose tar pack [ '/Users/James/.npm/jshint/2.6.0/package.tgz',
75 verbose tar pack   '/var/folders/pf/lt7925sx3gg0jhm5jvc96q0h0000gn/T/npm-32953-BZcfBHZv/1422417714207-0.6533278280403465/package' ]
76 verbose tarball /Users/James/.npm/jshint/2.6.0/package.tgz
77 verbose folder /var/folders/pf/lt7925sx3gg0jhm5jvc96q0h0000gn/T/npm-32953-BZcfBHZv/1422417714207-0.6533278280403465/package
78 silly lockFile e440815b-14207-0-6533278280403465-package tar:///var/folders/pf/lt7925sx3gg0jhm5jvc96q0h0000gn/T/npm-32953-BZcfBHZv/1422417714207-0.6533278280403465/package
79 verbose lock tar:///var/folders/pf/lt7925sx3gg0jhm5jvc96q0h0000gn/T/npm-32953-BZcfBHZv/1422417714207-0.6533278280403465/package /Users/James/.npm/e440815b-14207-0-6533278280403465-package.lock
80 silly lockFile 477fb400-mes-npm-jshint-2-6-0-package-tgz tar:///Users/James/.npm/jshint/2.6.0/package.tgz
81 verbose lock tar:///Users/James/.npm/jshint/2.6.0/package.tgz /Users/James/.npm/477fb400-mes-npm-jshint-2-6-0-package-tgz.lock
82 silly lockFile e440815b-14207-0-6533278280403465-package tar:///var/folders/pf/lt7925sx3gg0jhm5jvc96q0h0000gn/T/npm-32953-BZcfBHZv/1422417714207-0.6533278280403465/package
83 silly lockFile e440815b-14207-0-6533278280403465-package tar:///var/folders/pf/lt7925sx3gg0jhm5jvc96q0h0000gn/T/npm-32953-BZcfBHZv/1422417714207-0.6533278280403465/package
84 silly lockFile 477fb400-mes-npm-jshint-2-6-0-package-tgz tar:///Users/James/.npm/jshint/2.6.0/package.tgz
85 silly lockFile 477fb400-mes-npm-jshint-2-6-0-package-tgz tar:///Users/James/.npm/jshint/2.6.0/package.tgz
86 silly lockFile 81ad2650-s-James-npm-jshint-2-6-0-package /Users/James/.npm/jshint/2.6.0/package
87 verbose lock /Users/James/.npm/jshint/2.6.0/package /Users/James/.npm/81ad2650-s-James-npm-jshint-2-6-0-package.lock
88 silly lockFile 81ad2650-s-James-npm-jshint-2-6-0-package /Users/James/.npm/jshint/2.6.0/package
89 silly lockFile 81ad2650-s-James-npm-jshint-2-6-0-package /Users/James/.npm/jshint/2.6.0/package
90 verbose tar unpack /Users/James/.npm/jshint/2.6.0/package.tgz
91 silly lockFile 86090033-s-James-npm-jshint-2-6-0-package tar:///Users/James/.npm/jshint/2.6.0/package
92 verbose lock tar:///Users/James/.npm/jshint/2.6.0/package /Users/James/.npm/86090033-s-James-npm-jshint-2-6-0-package.lock
93 silly lockFile 477fb400-mes-npm-jshint-2-6-0-package-tgz tar:///Users/James/.npm/jshint/2.6.0/package.tgz
94 verbose lock tar:///Users/James/.npm/jshint/2.6.0/package.tgz /Users/James/.npm/477fb400-mes-npm-jshint-2-6-0-package-tgz.lock
95 silly gunzTarPerm modes [ '755', '644' ]
96 silly gunzTarPerm extractEntry package.json
97 silly gunzTarPerm extractEntry README.md
98 silly gunzTarPerm extractEntry bin/apply
99 silly gunzTarPerm extractEntry bin/build
100 silly gunzTarPerm extractEntry bin/changelog
101 silly gunzTarPerm extractEntry bin/jshint
102 silly gunzTarPerm extractEntry bin/land
103 silly gunzTarPerm extractEntry data/ascii-identifier-data.js
104 silly gunzTarPerm extractEntry data/non-ascii-identifier-part-only.js
105 silly gunzTarPerm extractEntry data/non-ascii-identifier-start.js
106 silly gunzTarPerm extractEntry dist/jshint-rhino.js
107 silly gunzTarPerm extractEntry dist/jshint.js
108 silly gunzTarPerm extractEntry src/cli.js
109 silly gunzTarPerm extractEntry src/lex.js
110 silly gunzTarPerm extractEntry src/messages.js
111 silly gunzTarPerm extractEntry src/name-stack.js
112 silly gunzTarPerm extractEntry src/options.js
113 silly gunzTarPerm extractEntry src/jshint.js
114 silly gunzTarPerm extractEntry src/reg.js
115 silly gunzTarPerm extractEntry src/style.js
116 silly gunzTarPerm extractEntry src/state.js
117 silly gunzTarPerm extractEntry src/vars.js
118 silly gunzTarPerm extractEntry src/reporters/checkstyle.js
119 silly gunzTarPerm extractEntry src/reporters/default.js
120 silly gunzTarPerm extractEntry src/reporters/jslint_xml.js
121 silly gunzTarPerm extractEntry src/reporters/non_error.js
122 silly gunzTarPerm extractEntry src/reporters/unix.js
123 silly gunzTarPerm extractEntry src/platforms/rhino.js
124 silly lockFile 86090033-s-James-npm-jshint-2-6-0-package tar:///Users/James/.npm/jshint/2.6.0/package
125 silly lockFile 86090033-s-James-npm-jshint-2-6-0-package tar:///Users/James/.npm/jshint/2.6.0/package
126 silly lockFile 477fb400-mes-npm-jshint-2-6-0-package-tgz tar:///Users/James/.npm/jshint/2.6.0/package.tgz
127 silly lockFile 477fb400-mes-npm-jshint-2-6-0-package-tgz tar:///Users/James/.npm/jshint/2.6.0/package.tgz
128 verbose chmod /Users/James/.npm/jshint/2.6.0/package.tgz 644
129 verbose chown /Users/James/.npm/jshint/2.6.0/package.tgz [ 501, 20 ]
130 silly lockFile b1e51722-pmjs-org-jshint-jshint-2-6-0-tgz https://registry.npmjs.org/jshint/-/jshint-2.6.0.tgz
131 silly lockFile b1e51722-pmjs-org-jshint-jshint-2-6-0-tgz https://registry.npmjs.org/jshint/-/jshint-2.6.0.tgz
132 silly lockFile 27126dd9-jshint-2-6-0 jshint@2.6.0
133 silly lockFile 27126dd9-jshint-2-6-0 jshint@2.6.0
134 silly lockFile a02a2468-jshint jshint@
135 silly lockFile a02a2468-jshint jshint@
136 silly resolved [ { name: 'jshint',
136 silly resolved     version: '2.6.0',
136 silly resolved     homepage: 'http://jshint.com/',
136 silly resolved     description: 'Static analysis tool for JavaScript',
136 silly resolved     author:
136 silly resolved      { name: 'Anton Kovalyov',
136 silly resolved        email: 'anton@kovalyov.net',
136 silly resolved        url: 'http://anton.kovalyov.net/' },
136 silly resolved     repository: { type: 'git', url: 'https://github.com/jshint/jshint.git' },
136 silly resolved     bugs: { url: 'https://github.com/jshint/jshint/issues' },
136 silly resolved     bin: { jshint: './bin/jshint' },
136 silly resolved     scripts:
136 silly resolved      { build: 'node bin/build',
136 silly resolved        coverage: 'istanbul -- cover ./node_modules/.bin/nodeunit tests/unit',
136 silly resolved        data: 'node scripts/generate-identifier-data',
136 silly resolved        pretest: 'jshint src && jscs src',
136 silly resolved        test: 'nodeunit tests tests/regression tests/unit' },
136 silly resolved     main: './src/jshint.js',
136 silly resolved     dependencies:
136 silly resolved      { cli: '0.6.x',
136 silly resolved        'console-browserify': '1.1.x',
136 silly resolved        exit: '0.1.x',
136 silly resolved        htmlparser2: '3.8.x',
136 silly resolved        minimatch: '1.0.x',
136 silly resolved        shelljs: '0.3.x',
136 silly resolved        'strip-json-comments': '1.0.x',
136 silly resolved        underscore: '1.6.x' },
136 silly resolved     devDependencies:
136 silly resolved      { browserify: '6.x',
136 silly resolved        coveralls: '2.11.x',
136 silly resolved        istanbul: '0.3.x',
136 silly resolved        jscs: '1.9.x',
136 silly resolved        jshint: '2.5.x',
136 silly resolved        'mock-stdin': '0.3.x',
136 silly resolved        nodeunit: '0.9.x',
136 silly resolved        regenerate: '1.0.x',
136 silly resolved        sinon: '1.11.x',
136 silly resolved        'unicode-6.3.0': '0.1.x' },
136 silly resolved     licenses: [ [Object] ],
136 silly resolved     preferGlobal: true,
136 silly resolved     files: [ 'bin', 'data', 'dist', 'src' ],
136 silly resolved     readme: '# JSHint, A Static Code Analysis Tool for JavaScript\n\n\\[ [Use it online](http://jshint.com/) • [About](http://jshint.com/about/) •\n[Docs](http://jshint.com/docs/) • [FAQ](http://jshint.com/docs/faq) •\n[Install](http://jshint.com/install/) • [Hack](http://jshint.com/hack/) •\n[Blog](http://jshint.com/blog/) • [Twitter](https://twitter.com/jshint/) \\]\n\n[![NPM version](https://badge.fury.io/js/jshint.svg)](http://badge.fury.io/js/jshint)\n[![Build Status](https://travis-ci.org/jshint/jshint.svg?branch=master)](https://travis-ci.org/jshint/jshint)\n[![Windows Build status](https://ci.appveyor.com/api/projects/status/v8w3phg5rkhhsx44/branch/master?svg=true)](https://ci.appveyor.com/project/jshint/jshint)\n[![Dependency Status](https://david-dm.org/jshint/jshint.svg)](https://david-dm.org/jshint/jshint)\n[![devDependency Status](https://david-dm.org/jshint/jshint/dev-status.svg)](https://david-dm.org/jshint/jshint#info=devDependencies)  \n[![Code Coverage](https://img.shields.io/coveralls/jshint/jshint/master.svg)](https://coveralls.io/r/jshint/jshint?branch=master)\n\nJSHint is a community-driven tool to detect errors and potential problems\nin JavaScript code. It is very flexible so you can easily adjust it to your\nparticular coding guidelines and the environment you expect your code to\nexecute in.\n\n## Reporting a bug\n\nTo report a bug simply create a\n[new GitHub Issue](https://github.com/jshint/jshint/issues/new) and describe\nyour problem or suggestion. We welcome all kind of feedback regarding\nJSHint including but not limited to:\n\n * When JSHint doesn\'t work as expected\n * When JSHint complains about valid JavaScript code that works in all browsers\n * When you simply want a new option or feature\n\nBefore reporting a bug look around to see if there are any open or closed tickets\nthat cover your issue. And remember the wisdom: pull request > bug report > tweet.\n\n## Issue Priority\n\n- *P1:* Something is throwing exceptions; broken JSHint backward compatibility.\n- *P2:* Something is not being parsed correctly.\n- *P3:* Features that the core team will work on once P2s and P1s are done.\n- *P4:* Patches welcome; The request is good, but low priority.\n\n\n## License\n\nJSHint is distributed under the MIT License. One file and one file only\n(src/stable/jshint.js) is distributed under the slightly modified MIT License.\n\n\n## Thank you!\n\nWe really appreciate all kind of feedback and contributions. Thanks for using and supporting JSHint!\n',
136 silly resolved     readmeFilename: 'README.md',
136 silly resolved     _id: 'jshint@2.6.0',
136 silly resolved     dist: { shasum: 'c09260ec1407d5582de42b3a62ca0b060516c919' },
136 silly resolved     _from: 'jshint@',
136 silly resolved     _resolved: 'https://registry.npmjs.org/jshint/-/jshint-2.6.0.tgz' } ]
137 info install jshint@2.6.0 into /usr/local/lib
138 info installOne jshint@2.6.0
139 info /usr/local/lib/node_modules/jshint unbuild
140 verbose tar unpack /Users/James/.npm/jshint/2.6.0/package.tgz
141 silly lockFile 59dfcd45-sr-local-lib-node-modules-jshint tar:///usr/local/lib/node_modules/jshint
142 verbose lock tar:///usr/local/lib/node_modules/jshint /Users/James/.npm/59dfcd45-sr-local-lib-node-modules-jshint.lock
143 silly lockFile 477fb400-mes-npm-jshint-2-6-0-package-tgz tar:///Users/James/.npm/jshint/2.6.0/package.tgz
144 verbose lock tar:///Users/James/.npm/jshint/2.6.0/package.tgz /Users/James/.npm/477fb400-mes-npm-jshint-2-6-0-package-tgz.lock
145 silly gunzTarPerm modes [ '755', '644' ]
146 error Error: EACCES, mkdir '/usr/local/lib/node_modules/jshint'
146 error  { [Error: EACCES, mkdir '/usr/local/lib/node_modules/jshint']
146 error   stack: 'Error: EACCES, mkdir \'/usr/local/lib/node_modules/jshint\'',
146 error   errno: -13,
146 error   code: 'EACCES',
146 error   path: '/usr/local/lib/node_modules/jshint',
146 error   fstream_type: 'Directory',
146 error   fstream_path: '/usr/local/lib/node_modules/jshint',
146 error   fstream_class: 'DirWriter',
146 error   fstream_stack:
146 error    [ '/usr/local/lib/node_modules/npm/node_modules/fstream/lib/dir-writer.js:36:23',
146 error      '/usr/local/lib/node_modules/npm/node_modules/mkdirp/index.js:37:53',
146 error      'Object.oncomplete (fs.js:97:15)' ] }
147 error Please try running this command again as root/Administrator.
148 error System Darwin 14.1.0
149 error command "/usr/local/bin/node" "/usr/local/bin/npm" "install" "-g" "jshint"
150 error cwd /Users/James/git/App Design
151 error node -v v0.11.10
152 error npm -v 1.3.22
153 error path /usr/local/lib/node_modules/jshint
154 error fstream_path /usr/local/lib/node_modules/jshint
155 error fstream_type Directory
156 error fstream_class DirWriter
157 error code EACCES
158 error errno -13
159 error stack Error: EACCES, mkdir '/usr/local/lib/node_modules/jshint'
160 error fstream_stack /usr/local/lib/node_modules/npm/node_modules/fstream/lib/dir-writer.js:36:23
160 error fstream_stack /usr/local/lib/node_modules/npm/node_modules/mkdirp/index.js:37:53
160 error fstream_stack Object.oncomplete (fs.js:97:15)
161 verbose exit [ -13, true ]
